make all --print-data-base --no-builtin-variables --no-builtin-rules --question
make: *** No rule to make target 'all'.  Stop.

# GNU Make 4.2.1
# Built for x86_64-redhat-linux-gnu
# Copyright (C) 1988-2016 Free Software Foundation, Inc.
# License GPLv3+: GNU GPL version 3 or later <http://gnu.org/licenses/gpl.html>
# This is free software: you are free to change and redistribute it.
# There is NO WARRANTY, to the extent permitted by law.

# Make data base, printed on Mon Jul 11 11:04:31 2022

# Variables

# 'override' directive
GNUMAKEFLAGS := 
# automatic
<D = $(patsubst %/,%,$(dir $<))
# automatic
?F = $(notdir $?)
# environment
DESKTOP_SESSION = gnome-xorg
# default
.SHELLFLAGS := -c
# environment
XDG_SESSION_TYPE = x11
# environment
MODULEPATH = /etc/scl/modulefiles:/etc/scl/modulefiles:/usr/share/Modules/modulefiles:/etc/modulefiles:/usr/share/modulefiles
# automatic
?D = $(patsubst %/,%,$(dir $?))
# automatic
@D = $(patsubst %/,%,$(dir $@))
# environment
XAUTHORITY = /run/user/1000/gdm/Xauthority
# environment
GDMSESSION = gnome-xorg
# environment
XMODIFIERS = @im=ibus
# makefile
CURDIR := /home/bill-centos/Documents/Particle-Tracing-Earth
# makefile
SHELL = /bin/sh
# environment
GDM_LANG = en_US.UTF-8
# environment
VSCODE_NLS_CONFIG = {"locale":"en-us","availableLanguages":{},"_languagePackSupport":true}
# environment
_ = /usr/bin/make
# environment
LESSOPEN = ||/usr/bin/lesspipe.sh %s
# makefile
MAKEFILE_LIST := 
# automatic
@F = $(notdir $@)
# environment
HISTCONTROL = ignoredups
# environment
USERNAME = bill-centos
# environment
XDG_DATA_DIRS = /home/bill-centos/.local/share/flatpak/exports/share:/var/lib/flatpak/exports/share:/usr/local/share/:/usr/share/:/var/lib/snapd/desktop
# environment
DBUS_SESSION_BUS_ADDRESS = unix:path=/run/user/1000/bus
# environment
USER = bill-centos
# environment
VSCODE_CWD = /home/bill-centos
# environment
MODULES_RUN_QUARANTINE = LD_LIBRARY_PATH LD_PRELOAD
# default
MAKE_HOST := x86_64-redhat-linux-gnu
# environment
PATH = /home/bill-centos/scripts:/usr/sue/bin:/usr/share/Modules/bin:/usr/local/bin:/usr/local/sbin:/usr/bin:/usr/sbin:/home/bill-centos/bin:/opt/puppetlabs/bin:/var/lib/snapd/snap/bin:/home/bill-centos/.local/bin
# environment
LSCOLORS = Gxfxcxdxbxegedabagacad
# environment
SESSION_MANAGER = local/unix:@/tmp/.ICE-unix/6096,unix/unix:/tmp/.ICE-unix/6096
# environment
XDG_RUNTIME_DIR = /run/user/1000
# environment
MODULES_CMD = /usr/share/Modules/libexec/modulecmd.tcl
# environment
FPATH = /home/bill-centos/.oh-my-zsh/custom/plugins/zsh-syntax-highlighting:/home/bill-centos/.oh-my-zsh/custom/plugins/zsh-autosuggestions:/home/bill-centos/.oh-my-zsh/plugins/git:/home/bill-centos/.oh-my-zsh/functions:/home/bill-centos/.oh-my-zsh/completions:/home/bill-centos/.oh-my-zsh/cache/completions:/usr/share/Modules/init/zsh-functions:/usr/local/share/zsh/site-functions:/usr/share/zsh/site-functions:/usr/share/zsh/5.5.1/functions
# environment
XDG_MENU_PREFIX = gnome-
# environment
ELECTRON_RUN_AS_NODE = 1
# default
.FEATURES := target-specific order-only second-expansion else-if shortest-stem undefine oneshell archives jobserver output-sync check-symlink load
# environment
LS_COLORS = 
# environment
XDG_SESSION_DESKTOP = gnome-xorg
# environment
SSH_AUTH_SOCK = /run/user/1000/keyring/ssh
# environment
GIO_LAUNCHED_DESKTOP_FILE_PID = 20719
# automatic
%F = $(notdir $%)
# environment
KDEDIRS = /usr
# environment
DISPLAY = :0
# environment
PWD = /home/bill-centos/Documents/Particle-Tracing-Earth
# default
.LOADED := 
# environment
XDG_SEAT = seat0
# environment
ORIGINAL_XDG_CURRENT_DESKTOP = GNOME
# environment
CASTOR_HOME = /castor/cern.ch/user/b/bill-centos
# environment
MANPATH = ::/opt/puppetlabs/puppet/share/man
# environment
VSCODE_AMD_ENTRYPOINT = vs/workbench/api/node/extensionHostProcess
# environment
HOME = /home/bill-centos
# environment
MODULEPATH_modshare = /usr/share/Modules/modulefiles:2:/etc/modulefiles:2:/usr/share/modulefiles:2
# environment
VSCODE_CODE_CACHE_PATH = /home/bill-centos/.config/Code/CachedData/92d25e35d9bf1a6b16f7d0758f25d48ace11e5b9
# environment
LOGNAME = bill-centos
# environment
APPLICATION_INSIGHTS_NO_DIAGNOSTIC_CHANNEL = 1
# environment
ZSH = /home/bill-centos/.oh-my-zsh
# environment
VSCODE_HANDLES_UNCAUGHT_ERRORS = true
# default
MAKE_VERSION := 4.2.1
# environment
GNOME_DESKTOP_SESSION_ID = this-is-deprecated
# automatic
^D = $(patsubst %/,%,$(dir $^))
# environment
HOSTNAME = pcbe13615
# environment
XDG_VTNR = 2
# environment
MAKELEVEL := 0
# environment
 
SSH_ASKPASS = /usr/libexec/openssh/gnome-ssh-askpass
# default
MAKE = $(MAKE_COMMAND)
# default
MAKECMDGOALS := all
# environment
QT_IM_MODULE = ibus
# environment
SHLVL = 1
# environment
XDG_SESSION_ID = 2
# environment
EDITOR = /bin/nano -w
# makefile
.DEFAULT_GOAL := 
# environment
XDG_CURRENT_DESKTOP = GNOME
# environment
LESS = -R
# automatic
%D = $(patsubst %/,%,$(dir $%))
# environment
DEBUGINFOD_URLS = https://debuginfod.centos.org/ 
# default
MAKE_COMMAND := make
# environment
OLDPWD = /home/bill-centos
# default
.VARIABLES := 
# environment
TMPDIR = /tmp/bill-centos
# automatic
*F = $(notdir $*)
# environment
VSCODE_IPC_HOOK = /run/user/1000/vscode-c323ba59-1.69.0-main.sock
# makefile
MAKEFLAGS = pqrR
# environment
MFLAGS = -pqrR
# automatic
*D = $(patsubst %/,%,$(dir $*))
# environment
MAIL = /var/spool/mail/bill-centos
# environment
LOADEDMODULES = 
# automatic
+D = $(patsubst %/,%,$(dir $+))
# environment
GDK_BACKEND = x11
# environment
MODULESHOME = /usr/share/Modules
# automatic
+F = $(notdir $+)
# environment
NO_AT_BRIDGE = 1
# environment
S_COLORS = auto
# default
MAKEFILES := 
# automatic
<F = $(notdir $<)
# environment
PAGER = less
# environment
LC_ALL = C
# environment
GJS_DEBUG_TOPICS = JS ERROR;JS LOG
# automatic
^F = $(notdir $^)
# default
SUFFIXES := 
# environment
HISTSIZE = 50000
# environment
CHROME_DESKTOP = code-url-handler.desktop
# environment
WINDOWPATH = 2
# default
.INCLUDE_DIRS = /usr/include /usr/local/include /usr/include
# environment
GJS_DEBUG_OUTPUT = stderr
# default
.RECIPEPREFIX := 
# environment
GIO_LAUNCHED_DESKTOP_FILE = /usr/share/applications/code.desktop
# environment
LANG = C
# environment
which_declare = typeset -f
# environment
VSCODE_PID = 20719
# variable set hash-table stats:
# Load=110/1024=11%, Rehash=0, Collisions=15/132=11%

# Pattern-specific Variable Values

# No pattern-specific variable values.

# Directories

# . (device 64770, inode 402668530): 8 files, no impossibilities.

# 8 files, no impossibilities in 1 directories.

# Implicit Rules

# No implicit rules.

# Files

# Not a target:
 
all:
#  Command line target.
#  Implicit rule search has been done.
#  File does not exist.
#  File has not been updated.

# Not a target:
Makefile:
#  Implicit rule search has been done.
#  File does not exist.
#  File has been updated.
#  Failed to be updated.

# Not a target:
makefile:
#  Implicit rule search has been done.
#  File does not exist.
#  File has been updated.
#  Failed to be updated.

# Not a target:
.DEFAULT:
#  Implicit rule search has not been done.
#  Modification time never checked.
#  File has not been updated.

# Not a target:
GNUmakefile:
#  Implicit rule search has been done.
#  File does not exist.
#  File has been updated.
#  Failed to be updated.

# files hash-table stats:
# Load=6/1024=1%, Rehash=0, Collisions=0/15=0%
# VPATH Search Paths

# No 'vpath' search paths.

# No general ('VPATH' variable) search path.

# strcache buffers: 1 (0) / strings = 16 / storage = 139 B / avg = 8 B
# current buf: size = 8162 B / used = 139 B / count = 16 / avg = 8 B

# strcache performance: lookups = 19 / hit rate = 15%
# hash-table stats:
# Load=16/8192=0%, Rehash=0, Collisions=1/19=5%
# Finished Make data base on Mon Jul 11 11:04:31 2022

 
